# JRE version: OpenJDK Runtime Environment (11.0.13) (build 11.0.13+0-b1751.21-8125866)
# Java VM: OpenJDK 64-Bit Server VM (11.0.13+0-b1751.21-8125866, mixed mode, tiered, compressed oops, g1 gc, windows-amd64)
Heap:
 garbage-first heap   total 262144K, used 62442K [0x0000000080000000, 0x0000000100000000)
  region size 1024K, 19 young (19456K), 11 survivors (11264K)
 Metaspace       used 67029K, capacity 68694K, committed 68816K, reserved 1110016K
  class space    used 8429K, capacity 9061K, committed 9088K, reserved 1048576K
GC Heap History (16 events):
Event: 0.586 GC heap before
{Heap before GC invocations=0 (full 0):
 garbage-first heap   total 262144K, used 29696K [0x0000000080000000, 0x0000000100000000)
  region size 1024K, 24 young (24576K), 0 survivors (0K)
 Metaspace       used 9765K, capacity 9960K, committed 10112K, reserved 1058816K
  class space    used 991K, capacity 1069K, committed 1152K, reserved 1048576K
}
Event: 0.590 GC heap after
{Heap after GC invocations=1 (full 0):
 garbage-first heap   total 262144K, used 9202K [0x0000000080000000, 0x0000000100000000)
  region size 1024K, 3 young (3072K), 3 survivors (3072K)
 Metaspace       used 9765K, capacity 9960K, committed 10112K, reserved 1058816K
  class space    used 991K, capacity 1069K, committed 1152K, reserved 1048576K
}
Event: 1.965 GC heap before
{Heap before GC invocations=1 (full 0):
 garbage-first heap   total 262144K, used 113650K [0x0000000080000000, 0x0000000100000000)
  region size 1024K, 106 young (108544K), 3 survivors (3072K)
 Metaspace       used 20788K, capacity 21177K, committed 21296K, reserved 1069056K
  class space    used 2516K, capacity 2680K, committed 2688K, reserved 1048576K
}
Event: 1.973 GC heap after
{Heap after GC invocations=2 (full 0):
 garbage-first heap   total 262144K, used 16677K [0x0000000080000000, 0x0000000100000000)
  region size 1024K, 11 young (11264K), 11 survivors (11264K)
 Metaspace       used 20788K, capacity 21177K, committed 21296K, reserved 1069056K
  class space    used 2516K, capacity 2680K, committed 2688K, reserved 1048576K
}
Event: 2.411 GC heap before
{Heap before GC invocations=3 (full 0):
 garbage-first heap   total 262144K, used 64805K [0x0000000080000000, 0x0000000100000000)
  region size 1024K, 58 young (59392K), 11 survivors (11264K)
 Metaspace       used 25584K, capacity 26158K, committed 26288K, reserved 1073152K
  class space    used 3291K, capacity 3516K, committed 3584K, reserved 1048576K
}
Event: 2.418 GC heap after
{Heap after GC invocations=4 (full 0):
 garbage-first heap   total 262144K, used 18943K [0x0000000080000000, 0x0000000100000000)
  region size 1024K, 3 young (3072K), 3 survivors (3072K)
 Metaspace       used 25584K, capacity 26158K, committed 26288K, reserved 1073152K
  class space    used 3291K, capacity 3516K, committed 3584K, reserved 1048576K
}
Event: 3.501 GC heap before
{Heap before GC invocations=4 (full 0):
 garbage-first heap   total 262144K, used 86527K [0x0000000080000000, 0x0000000100000000)
  region size 1024K, 70 young (71680K), 3 survivors (3072K)
 Metaspace       used 34971K, capacity 35741K, committed 35920K, reserved 1081344K
  class space    used 4476K, capacity 4780K, committed 4864K, reserved 1048576K
}
Event: 3.508 GC heap after
{Heap after GC invocations=5 (full 0):
 garbage-first heap   total 262144K, used 22177K [0x0000000080000000, 0x0000000100000000)
  region size 1024K, 6 young (6144K), 6 survivors (6144K)
 Metaspace       used 34971K, capacity 35741K, committed 35920K, reserved 1081344K
  class space    used 4476K, capacity 4780K, committed 4864K, reserved 1048576K
}
Event: 5.550 GC heap before
{Heap before GC invocations=6 (full 0):
 garbage-first heap   total 262144K, used 158369K [0x0000000080000000, 0x0000000100000000)
  region size 1024K, 136 young (139264K), 6 survivors (6144K)
 Metaspace       used 46285K, capacity 47329K, committed 47568K, reserved 1091584K
  class space    used 5855K, capacity 6262K, committed 6272K, reserved 1048576K
}
Event: 5.558 GC heap after
{Heap after GC invocations=7 (full 0):
 garbage-first heap   total 262144K, used 29667K [0x0000000080000000, 0x0000000100000000)
  region size 1024K, 13 young (13312K), 13 survivors (13312K)
 Metaspace       used 46285K, capacity 47329K, committed 47568K, reserved 1091584K
  class space    used 5855K, capacity 6262K, committed 6272K, reserved 1048576K
}
Event: 8.255 GC heap before
{Heap before GC invocations=7 (full 0):
 garbage-first heap   total 262144K, used 177123K [0x0000000080000000, 0x0000000100000000)
  region size 1024K, 153 young (156672K), 13 survivors (13312K)
 Metaspace       used 57461K, capacity 58903K, committed 59088K, reserved 1101824K
  class space    used 7215K, capacity 7757K, committed 7808K, reserved 1048576K
}
Event: 8.267 GC heap after
{Heap after GC invocations=8 (full 0):
 garbage-first heap   total 262144K, used 45284K [0x0000000080000000, 0x0000000100000000)
  region size 1024K, 19 young (19456K), 19 survivors (19456K)
 Metaspace       used 57461K, capacity 58903K, committed 59088K, reserved 1101824K
  class space    used 7215K, capacity 7757K, committed 7808K, reserved 1048576K
}
Event: 8.364 GC heap before
{Heap before GC invocations=8 (full 0):
 garbage-first heap   total 262144K, used 49380K [0x0000000080000000, 0x0000000100000000)
  region size 1024K, 24 young (24576K), 19 survivors (19456K)
 Metaspace       used 58576K, capacity 60114K, committed 60240K, reserved 1101824K
  class space    used 7357K, capacity 7927K, committed 7936K, reserved 1048576K
}
Event: 8.380 GC heap after
{Heap after GC invocations=9 (full 0):
 garbage-first heap   total 262144K, used 47205K [0x0000000080000000, 0x0000000100000000)
  region size 1024K, 3 young (3072K), 3 survivors (3072K)
 Metaspace       used 58576K, capacity 60114K, committed 60240K, reserved 1101824K
  class space    used 7357K, capacity 7927K, committed 7936K, reserved 1048576K
}
Event: 9.754 GC heap before
{Heap before GC invocations=10 (full 0):
 garbage-first heap   total 262144K, used 185445K [0x0000000080000000, 0x0000000100000000)
  region size 1024K, 131 young (134144K), 3 survivors (3072K)
 Metaspace       used 66076K, capacity 67733K, committed 67920K, reserved 1107968K
  class space    used 8299K, capacity 8933K, committed 8960K, reserved 1048576K
}
Event: 9.761 GC heap after
{Heap after GC invocations=11 (full 0):
 garbage-first heap   total 262144K, used 55274K [0x0000000080000000, 0x0000000100000000)
  region size 1024K, 11 young (11264K), 11 survivors (11264K)
 Metaspace       used 66076K, capacity 67733K, committed 67920K, reserved 1107968K
  class space    used 8299K, capacity 8933K, committed 8960K, reserved 1048576K
}

