# JRE version: OpenJDK Runtime Environment (11.0.13) (build 11.0.13+0-b1751.21-8125866)
# Java VM: OpenJDK 64-Bit Server VM (11.0.13+0-b1751.21-8125866, mixed mode, tiered, compressed oops, g1 gc, windows-amd64)
Heap:
 garbage-first heap   total 262144K, used 161677K [0x0000000080000000, 0x0000000100000000)
  region size 1024K, 45 young (46080K), 13 survivors (13312K)
 Metaspace       used 107970K, capacity 111243K, committed 111356K, reserved 1146880K
  class space    used 13366K, capacity 14562K, committed 14592K, reserved 1048576K
GC Heap History (20 events):
Event: 3612.864 GC heap before
{Heap before GC invocations=31 (full 0):
 garbage-first heap   total 262144K, used 178160K [0x0000000080000000, 0x0000000100000000)
  region size 1024K, 54 young (55296K), 11 survivors (11264K)
 Metaspace       used 105465K, capacity 108493K, committed 108540K, reserved 1144832K
  class space    used 13017K, capacity 14072K, committed 14080K, reserved 1048576K
}
Event: 3612.880 GC heap after
{Heap after GC invocations=32 (full 0):
 garbage-first heap   total 262144K, used 141502K [0x0000000080000000, 0x0000000100000000)
  region size 1024K, 6 young (6144K), 6 survivors (6144K)
 Metaspace       used 105465K, capacity 108493K, committed 108540K, reserved 1144832K
  class space    used 13017K, capacity 14072K, committed 14080K, reserved 1048576K
}
Event: 3652.886 GC heap before
{Heap before GC invocations=33 (full 0):
 garbage-first heap   total 262144K, used 208062K [0x0000000080000000, 0x0000000100000000)
  region size 1024K, 73 young (74752K), 6 survivors (6144K)
 Metaspace       used 105688K, capacity 108842K, committed 108924K, reserved 1144832K
  class space    used 13055K, capacity 14142K, committed 14208K, reserved 1048576K
}
Event: 3652.890 GC heap after
{Heap after GC invocations=34 (full 0):
 garbage-first heap   total 262144K, used 141015K [0x0000000080000000, 0x0000000100000000)
  region size 1024K, 7 young (7168K), 7 survivors (7168K)
 Metaspace       used 105688K, capacity 108842K, committed 108924K, reserved 1144832K
  class space    used 13055K, capacity 14142K, committed 14208K, reserved 1048576K
}
Event: 3652.939 GC heap before
{Heap before GC invocations=34 (full 0):
 garbage-first heap   total 262144K, used 146135K [0x0000000080000000, 0x0000000100000000)
  region size 1024K, 12 young (12288K), 7 survivors (7168K)
 Metaspace       used 105707K, capacity 108842K, committed 108924K, reserved 1144832K
  class space    used 13055K, capacity 14142K, committed 14208K, reserved 1048576K
}
Event: 3652.942 GC heap after
{Heap after GC invocations=35 (full 0):
 garbage-first heap   total 262144K, used 110959K [0x0000000080000000, 0x0000000100000000)
  region size 1024K, 2 young (2048K), 2 survivors (2048K)
 Metaspace       used 105707K, capacity 108842K, committed 108924K, reserved 1144832K
  class space    used 13055K, capacity 14142K, committed 14208K, reserved 1048576K
}
Event: 3652.999 GC heap before
{Heap before GC invocations=35 (full 0):
 garbage-first heap   total 262144K, used 120175K [0x0000000080000000, 0x0000000100000000)
  region size 1024K, 12 young (12288K), 2 survivors (2048K)
 Metaspace       used 105707K, capacity 108842K, committed 108924K, reserved 1144832K
  class space    used 13055K, capacity 14142K, committed 14208K, reserved 1048576K
}
Event: 3653.004 GC heap after
{Heap after GC invocations=36 (full 0):
 garbage-first heap   total 262144K, used 92301K [0x0000000080000000, 0x0000000100000000)
  region size 1024K, 1 young (1024K), 1 survivors (1024K)
 Metaspace       used 105707K, capacity 108842K, committed 108924K, reserved 1144832K
  class space    used 13055K, capacity 14142K, committed 14208K, reserved 1048576K
}
Event: 3653.641 GC heap before
{Heap before GC invocations=36 (full 0):
 garbage-first heap   total 262144K, used 187533K [0x0000000080000000, 0x0000000100000000)
  region size 1024K, 95 young (97280K), 1 survivors (1024K)
 Metaspace       used 106305K, capacity 109529K, committed 109820K, reserved 1144832K
  class space    used 13129K, capacity 14288K, committed 14336K, reserved 1048576K
}
Event: 3653.648 GC heap after
{Heap after GC invocations=37 (full 0):
 garbage-first heap   total 262144K, used 98694K [0x0000000080000000, 0x0000000100000000)
  region size 1024K, 8 young (8192K), 8 survivors (8192K)
 Metaspace       used 106305K, capacity 109529K, committed 109820K, reserved 1144832K
  class space    used 13129K, capacity 14288K, committed 14336K, reserved 1048576K
}
Event: 3654.065 GC heap before
{Heap before GC invocations=37 (full 0):
 garbage-first heap   total 262144K, used 194950K [0x0000000080000000, 0x0000000100000000)
  region size 1024K, 101 young (103424K), 8 survivors (8192K)
 Metaspace       used 106342K, capacity 109549K, committed 109820K, reserved 1144832K
  class space    used 13136K, capacity 14295K, committed 14336K, reserved 1048576K
}
Event: 3654.069 GC heap after
{Heap after GC invocations=38 (full 0):
 garbage-first heap   total 262144K, used 101499K [0x0000000080000000, 0x0000000100000000)
  region size 1024K, 8 young (8192K), 8 survivors (8192K)
 Metaspace       used 106342K, capacity 109549K, committed 109820K, reserved 1144832K
  class space    used 13136K, capacity 14295K, committed 14336K, reserved 1048576K
}
Event: 3654.317 GC heap before
{Heap before GC invocations=38 (full 0):
 garbage-first heap   total 262144K, used 200827K [0x0000000080000000, 0x0000000100000000)
  region size 1024K, 105 young (107520K), 8 survivors (8192K)
 Metaspace       used 106353K, capacity 109550K, committed 109820K, reserved 1144832K
  class space    used 13136K, capacity 14295K, committed 14336K, reserved 1048576K
}
Event: 3654.322 GC heap after
{Heap after GC invocations=39 (full 0):
 garbage-first heap   total 262144K, used 103238K [0x0000000080000000, 0x0000000100000000)
  region size 1024K, 9 young (9216K), 9 survivors (9216K)
 Metaspace       used 106353K, capacity 109550K, committed 109820K, reserved 1144832K
  class space    used 13136K, capacity 14295K, committed 14336K, reserved 1048576K
}
Event: 3654.761 GC heap before
{Heap before GC invocations=39 (full 0):
 garbage-first heap   total 262144K, used 216902K [0x0000000080000000, 0x0000000100000000)
  region size 1024K, 109 young (111616K), 9 survivors (9216K)
 Metaspace       used 106608K, capacity 109839K, committed 109948K, reserved 1144832K
  class space    used 13180K, capacity 14370K, committed 14464K, reserved 1048576K
}
Event: 3654.767 GC heap after
{Heap after GC invocations=40 (full 0):
 garbage-first heap   total 262144K, used 105962K [0x0000000080000000, 0x0000000100000000)
  region size 1024K, 6 young (6144K), 6 survivors (6144K)
 Metaspace       used 106608K, capacity 109839K, committed 109948K, reserved 1144832K
  class space    used 13180K, capacity 14370K, committed 14464K, reserved 1048576K
}
Event: 3654.975 GC heap before
{Heap before GC invocations=40 (full 0):
 garbage-first heap   total 262144K, used 206314K [0x0000000080000000, 0x0000000100000000)
  region size 1024K, 105 young (107520K), 6 survivors (6144K)
 Metaspace       used 107367K, capacity 110587K, committed 110844K, reserved 1146880K
  class space    used 13292K, capacity 14471K, committed 14592K, reserved 1048576K
}
Event: 3654.980 GC heap after
{Heap after GC invocations=41 (full 0):
 garbage-first heap   total 262144K, used 117985K [0x0000000080000000, 0x0000000100000000)
  region size 1024K, 14 young (14336K), 14 survivors (14336K)
 Metaspace       used 107367K, capacity 110587K, committed 110844K, reserved 1146880K
  class space    used 13292K, capacity 14471K, committed 14592K, reserved 1048576K
}
Event: 3655.062 GC heap before
{Heap before GC invocations=41 (full 0):
 garbage-first heap   total 262144K, used 208097K [0x0000000080000000, 0x0000000100000000)
  region size 1024K, 103 young (105472K), 14 survivors (14336K)
 Metaspace       used 107648K, capacity 110824K, committed 111100K, reserved 1146880K
  class space    used 13326K, capacity 14505K, committed 14592K, reserved 1048576K
}
Event: 3655.070 GC heap after
{Heap after GC invocations=42 (full 0):
 garbage-first heap   total 262144K, used 130957K [0x0000000080000000, 0x0000000100000000)
  region size 1024K, 13 young (13312K), 13 survivors (13312K)
 Metaspace       used 107648K, capacity 110824K, committed 111100K, reserved 1146880K
  class space    used 13326K, capacity 14505K, committed 14592K, reserved 1048576K
}

