# JRE version: OpenJDK Runtime Environment (11.0.13) (build 11.0.13+0-b1751.21-8125866)
# Java VM: OpenJDK 64-Bit Server VM (11.0.13+0-b1751.21-8125866, mixed mode, tiered, compressed oops, g1 gc, windows-amd64)
Heap:
 garbage-first heap   total 262144K, used 184801K [0x0000000080000000, 0x0000000100000000)
  region size 1024K, 132 young (135168K), 3 survivors (3072K)
 Metaspace       used 66035K, capacity 67667K, committed 67920K, reserved 1107968K
  class space    used 8302K, capacity 8953K, committed 8960K, reserved 1048576K
GC Heap History (14 events):
Event: 0.617 GC heap before
{Heap before GC invocations=0 (full 0):
 garbage-first heap   total 262144K, used 29696K [0x0000000080000000, 0x0000000100000000)
  region size 1024K, 24 young (24576K), 0 survivors (0K)
 Metaspace       used 9750K, capacity 9968K, committed 10112K, reserved 1058816K
  class space    used 990K, capacity 1069K, committed 1152K, reserved 1048576K
}
Event: 0.620 GC heap after
{Heap after GC invocations=1 (full 0):
 garbage-first heap   total 262144K, used 9257K [0x0000000080000000, 0x0000000100000000)
  region size 1024K, 3 young (3072K), 3 survivors (3072K)
 Metaspace       used 9750K, capacity 9968K, committed 10112K, reserved 1058816K
  class space    used 990K, capacity 1069K, committed 1152K, reserved 1048576K
}
Event: 1.968 GC heap before
{Heap before GC invocations=1 (full 0):
 garbage-first heap   total 262144K, used 113705K [0x0000000080000000, 0x0000000100000000)
  region size 1024K, 106 young (108544K), 3 survivors (3072K)
 Metaspace       used 20784K, capacity 21188K, committed 21296K, reserved 1069056K
  class space    used 2515K, capacity 2681K, committed 2688K, reserved 1048576K
}
Event: 1.976 GC heap after
{Heap after GC invocations=2 (full 0):
 garbage-first heap   total 262144K, used 16929K [0x0000000080000000, 0x0000000100000000)
  region size 1024K, 11 young (11264K), 11 survivors (11264K)
 Metaspace       used 20784K, capacity 21188K, committed 21296K, reserved 1069056K
  class space    used 2515K, capacity 2681K, committed 2688K, reserved 1048576K
}
Event: 2.400 GC heap before
{Heap before GC invocations=3 (full 0):
 garbage-first heap   total 262144K, used 66081K [0x0000000080000000, 0x0000000100000000)
  region size 1024K, 59 young (60416K), 11 survivors (11264K)
 Metaspace       used 25710K, capacity 26308K, committed 26544K, reserved 1073152K
  class space    used 3314K, capacity 3521K, committed 3584K, reserved 1048576K
}
Event: 2.406 GC heap after
{Heap after GC invocations=4 (full 0):
 garbage-first heap   total 262144K, used 18843K [0x0000000080000000, 0x0000000100000000)
  region size 1024K, 3 young (3072K), 3 survivors (3072K)
 Metaspace       used 25710K, capacity 26308K, committed 26544K, reserved 1073152K
  class space    used 3314K, capacity 3521K, committed 3584K, reserved 1048576K
}
Event: 3.132 GC heap before
{Heap before GC invocations=4 (full 0):
 garbage-first heap   total 262144K, used 84379K [0x0000000080000000, 0x0000000100000000)
  region size 1024K, 68 young (69632K), 3 survivors (3072K)
 Metaspace       used 34966K, capacity 35755K, committed 35920K, reserved 1081344K
  class space    used 4472K, capacity 4783K, committed 4864K, reserved 1048576K
}
Event: 3.138 GC heap after
{Heap after GC invocations=5 (full 0):
 garbage-first heap   total 262144K, used 22101K [0x0000000080000000, 0x0000000100000000)
  region size 1024K, 6 young (6144K), 6 survivors (6144K)
 Metaspace       used 34966K, capacity 35755K, committed 35920K, reserved 1081344K
  class space    used 4472K, capacity 4783K, committed 4864K, reserved 1048576K
}
Event: 4.352 GC heap before
{Heap before GC invocations=6 (full 0):
 garbage-first heap   total 262144K, used 148053K [0x0000000080000000, 0x0000000100000000)
  region size 1024K, 125 young (128000K), 6 survivors (6144K)
 Metaspace       used 45307K, capacity 46296K, committed 46416K, reserved 1089536K
  class space    used 5735K, capacity 6107K, committed 6144K, reserved 1048576K
}
Event: 4.359 GC heap after
{Heap after GC invocations=7 (full 0):
 garbage-first heap   total 262144K, used 29365K [0x0000000080000000, 0x0000000100000000)
  region size 1024K, 13 young (13312K), 13 survivors (13312K)
 Metaspace       used 45307K, capacity 46296K, committed 46416K, reserved 1089536K
  class space    used 5735K, capacity 6107K, committed 6144K, reserved 1048576K
}
Event: 5.670 GC heap before
{Heap before GC invocations=7 (full 0):
 garbage-first heap   total 262144K, used 176821K [0x0000000080000000, 0x0000000100000000)
  region size 1024K, 153 young (156672K), 13 survivors (13312K)
 Metaspace       used 55888K, capacity 57373K, committed 57680K, reserved 1099776K
  class space    used 7019K, capacity 7591K, committed 7680K, reserved 1048576K
}
Event: 5.679 GC heap after
{Heap after GC invocations=8 (full 0):
 garbage-first heap   total 262144K, used 44690K [0x0000000080000000, 0x0000000100000000)
  region size 1024K, 19 young (19456K), 19 survivors (19456K)
 Metaspace       used 55888K, capacity 57373K, committed 57680K, reserved 1099776K
  class space    used 7019K, capacity 7591K, committed 7680K, reserved 1048576K
}
Event: 5.934 GC heap before
{Heap before GC invocations=8 (full 0):
 garbage-first heap   total 262144K, used 61074K [0x0000000080000000, 0x0000000100000000)
  region size 1024K, 36 young (36864K), 19 survivors (19456K)
 Metaspace       used 58557K, capacity 60017K, committed 60240K, reserved 1101824K
  class space    used 7363K, capacity 7915K, committed 7936K, reserved 1048576K
}
Event: 5.950 GC heap after
{Heap after GC invocations=9 (full 0):
 garbage-first heap   total 262144K, used 46561K [0x0000000080000000, 0x0000000100000000)
  region size 1024K, 3 young (3072K), 3 survivors (3072K)
 Metaspace       used 58557K, capacity 60017K, committed 60240K, reserved 1101824K
  class space    used 7363K, capacity 7915K, committed 7936K, reserved 1048576K
}

