# JRE version: OpenJDK Runtime Environment (11.0.13) (build 11.0.13+0-b1751.21-8125866)
# Java VM: OpenJDK 64-Bit Server VM (11.0.13+0-b1751.21-8125866, mixed mode, tiered, compressed oops, g1 gc, windows-amd64)
Heap:
 garbage-first heap   total 262144K, used 158432K [0x0000000080000000, 0x0000000100000000)
  region size 1024K, 113 young (115712K), 12 survivors (12288K)
 Metaspace       used 77370K, capacity 79197K, committed 79440K, reserved 1118208K
  class space    used 10047K, capacity 10708K, committed 10752K, reserved 1048576K
GC Heap History (16 events):
Event: 0.612 GC heap before
{Heap before GC invocations=0 (full 0):
 garbage-first heap   total 262144K, used 29696K [0x0000000080000000, 0x0000000100000000)
  region size 1024K, 24 young (24576K), 0 survivors (0K)
 Metaspace       used 9801K, capacity 10032K, committed 10368K, reserved 1058816K
  class space    used 999K, capacity 1069K, committed 1152K, reserved 1048576K
}
Event: 0.616 GC heap after
{Heap after GC invocations=1 (full 0):
 garbage-first heap   total 262144K, used 9535K [0x0000000080000000, 0x0000000100000000)
  region size 1024K, 3 young (3072K), 3 survivors (3072K)
 Metaspace       used 9801K, capacity 10032K, committed 10368K, reserved 1058816K
  class space    used 999K, capacity 1069K, committed 1152K, reserved 1048576K
}
Event: 1.903 GC heap before
{Heap before GC invocations=1 (full 0):
 garbage-first heap   total 262144K, used 115007K [0x0000000080000000, 0x0000000100000000)
  region size 1024K, 107 young (109568K), 3 survivors (3072K)
 Metaspace       used 20784K, capacity 21188K, committed 21296K, reserved 1069056K
  class space    used 2515K, capacity 2681K, committed 2688K, reserved 1048576K
}
Event: 1.912 GC heap after
{Heap after GC invocations=2 (full 0):
 garbage-first heap   total 262144K, used 17139K [0x0000000080000000, 0x0000000100000000)
  region size 1024K, 11 young (11264K), 11 survivors (11264K)
 Metaspace       used 20784K, capacity 21188K, committed 21296K, reserved 1069056K
  class space    used 2515K, capacity 2681K, committed 2688K, reserved 1048576K
}
Event: 2.334 GC heap before
{Heap before GC invocations=3 (full 0):
 garbage-first heap   total 262144K, used 67315K [0x0000000080000000, 0x0000000100000000)
  region size 1024K, 60 young (61440K), 11 survivors (11264K)
 Metaspace       used 25803K, capacity 26417K, committed 26544K, reserved 1073152K
  class space    used 3327K, capacity 3558K, committed 3584K, reserved 1048576K
}
Event: 2.341 GC heap after
{Heap after GC invocations=4 (full 0):
 garbage-first heap   total 262144K, used 19477K [0x0000000080000000, 0x0000000100000000)
  region size 1024K, 3 young (3072K), 3 survivors (3072K)
 Metaspace       used 25803K, capacity 26417K, committed 26544K, reserved 1073152K
  class space    used 3327K, capacity 3558K, committed 3584K, reserved 1048576K
}
Event: 3.019 GC heap before
{Heap before GC invocations=4 (full 0):
 garbage-first heap   total 262144K, used 83989K [0x0000000080000000, 0x0000000100000000)
  region size 1024K, 67 young (68608K), 3 survivors (3072K)
 Metaspace       used 34967K, capacity 35758K, committed 35920K, reserved 1081344K
  class space    used 4474K, capacity 4784K, committed 4864K, reserved 1048576K
}
Event: 3.026 GC heap after
{Heap after GC invocations=5 (full 0):
 garbage-first heap   total 262144K, used 22502K [0x0000000080000000, 0x0000000100000000)
  region size 1024K, 6 young (6144K), 6 survivors (6144K)
 Metaspace       used 34967K, capacity 35758K, committed 35920K, reserved 1081344K
  class space    used 4474K, capacity 4784K, committed 4864K, reserved 1048576K
}
Event: 4.172 GC heap before
{Heap before GC invocations=6 (full 0):
 garbage-first heap   total 262144K, used 149478K [0x0000000080000000, 0x0000000100000000)
  region size 1024K, 127 young (130048K), 6 survivors (6144K)
 Metaspace       used 45460K, capacity 46462K, committed 46672K, reserved 1089536K
  class space    used 5757K, capacity 6141K, committed 6144K, reserved 1048576K
}
Event: 4.179 GC heap after
{Heap after GC invocations=7 (full 0):
 garbage-first heap   total 262144K, used 29856K [0x0000000080000000, 0x0000000100000000)
  region size 1024K, 13 young (13312K), 13 survivors (13312K)
 Metaspace       used 45460K, capacity 46462K, committed 46672K, reserved 1089536K
  class space    used 5757K, capacity 6141K, committed 6144K, reserved 1048576K
}
Event: 5.546 GC heap before
{Heap before GC invocations=7 (full 0):
 garbage-first heap   total 262144K, used 177312K [0x0000000080000000, 0x0000000100000000)
  region size 1024K, 153 young (156672K), 13 survivors (13312K)
 Metaspace       used 56705K, capacity 58100K, committed 58320K, reserved 1099776K
  class space    used 7109K, capacity 7685K, committed 7808K, reserved 1048576K
}
Event: 5.555 GC heap after
{Heap after GC invocations=8 (full 0):
 garbage-first heap   total 262144K, used 45274K [0x0000000080000000, 0x0000000100000000)
  region size 1024K, 19 young (19456K), 19 survivors (19456K)
 Metaspace       used 56705K, capacity 58100K, committed 58320K, reserved 1099776K
  class space    used 7109K, capacity 7685K, committed 7808K, reserved 1048576K
}
Event: 5.736 GC heap before
{Heap before GC invocations=8 (full 0):
 garbage-first heap   total 262144K, used 57562K [0x0000000080000000, 0x0000000100000000)
  region size 1024K, 32 young (32768K), 19 survivors (19456K)
 Metaspace       used 58551K, capacity 59994K, committed 60240K, reserved 1101824K
  class space    used 7363K, capacity 7907K, committed 7936K, reserved 1048576K
}
Event: 5.750 GC heap after
{Heap after GC invocations=9 (full 0):
 garbage-first heap   total 262144K, used 46821K [0x0000000080000000, 0x0000000100000000)
  region size 1024K, 3 young (3072K), 3 survivors (3072K)
 Metaspace       used 58551K, capacity 59994K, committed 60240K, reserved 1101824K
  class space    used 7363K, capacity 7907K, committed 7936K, reserved 1048576K
}
Event: 6.976 GC heap before
{Heap before GC invocations=10 (full 0):
 garbage-first heap   total 262144K, used 196325K [0x0000000080000000, 0x0000000100000000)
  region size 1024K, 142 young (145408K), 3 survivors (3072K)
 Metaspace       used 67261K, capacity 68895K, committed 69200K, reserved 1110016K
  class space    used 8473K, capacity 9105K, committed 9216K, reserved 1048576K
}
Event: 6.983 GC heap after
{Heap after GC invocations=11 (full 0):
 garbage-first heap   total 262144K, used 56032K [0x0000000080000000, 0x0000000100000000)
  region size 1024K, 12 young (12288K), 12 survivors (12288K)
 Metaspace       used 67261K, capacity 68895K, committed 69200K, reserved 1110016K
  class space    used 8473K, capacity 9105K, committed 9216K, reserved 1048576K
}

